TN:
SF:src/presentation/controllers/signup/signup.ts
FN:15,(anonymous_0)
FN:20,(anonymous_1)
FNF:2
FNH:2
FNDA:11,(anonymous_0)
FNDA:11,(anonymous_1)
DA:8,1
DA:9,1
DA:11,1
DA:16,11
DA:17,11
DA:21,11
DA:22,11
DA:24,11
DA:25,38
DA:26,4
DA:35,7
DA:37,7
DA:38,1
DA:41,6
DA:42,5
DA:43,2
DA:46,3
DA:50,2
DA:52,2
LF:19
LH:19
BRDA:25,0,0,4
BRDA:25,0,1,34
BRDA:37,1,0,1
BRDA:37,1,1,6
BRDA:42,2,0,2
BRDA:42,2,1,3
BRF:6
BRH:6
end_of_record
TN:
SF:src/presentation/errors/index.ts
FNF:0
FNH:0
DA:1,1
DA:2,1
DA:3,1
LF:3
LH:3
BRF:0
BRH:0
end_of_record
TN:
SF:src/presentation/errors/invalid-param-error.ts
FN:2,(anonymous_0)
FNF:1
FNH:1
FNDA:5,(anonymous_0)
DA:1,1
DA:3,5
DA:4,5
LF:3
LH:3
BRF:0
BRH:0
end_of_record
TN:
SF:src/presentation/errors/missing-param-error.ts
FN:2,(anonymous_0)
FNF:1
FNH:1
FNDA:8,(anonymous_0)
DA:1,1
DA:3,8
DA:4,8
LF:3
LH:3
BRF:0
BRH:0
end_of_record
TN:
SF:src/presentation/errors/server-error.ts
FN:2,(anonymous_0)
FNF:1
FNH:1
FNDA:4,(anonymous_0)
DA:1,1
DA:3,4
DA:4,4
LF:3
LH:3
BRF:0
BRH:0
end_of_record
TN:
SF:src/presentation/helpers/http-helper.ts
FN:4,(anonymous_0)
FN:9,(anonymous_1)
FN:14,(anonymous_2)
FNF:3
FNH:3
FNDA:7,(anonymous_0)
FNDA:2,(anonymous_1)
FNDA:2,(anonymous_2)
DA:1,1
DA:4,7
DA:9,2
DA:14,2
LF:4
LH:4
BRF:0
BRH:0
end_of_record
